# JRE version: Java(TM) SE Runtime Environment (7.0_45-b18) (build 1.7.0_45-b18)
# Java VM: Java HotSpot(TM) Client VM (24.45-b08 mixed mode, sharing windows-x86 )
Heap
 def new generation   total 157248K, used 157248K [0x13780000, 0x1e220000, 0x1e220000)
  eden space 139776K, 100% used [0x13780000, 0x1c000000, 0x1c000000)
  from space 17472K, 100% used [0x1d110000, 0x1e220000, 0x1e220000)
  to   space 17472K,   0% used [0x1c000000, 0x1c000000, 0x1d110000)
 tenured generation   total 349568K, used 349568K [0x1e220000, 0x33780000, 0x33780000)
   the space 349568K, 100% used [0x1e220000, 0x33780000, 0x33780000, 0x33780000)
 compacting perm gen  total 27392K, used 27329K [0x33780000, 0x35240000, 0x37780000)
   the space 27392K,  99% used [0x33780000, 0x352306c0, 0x35230800, 0x35240000)
    ro space 10240K,  41% used [0x37780000, 0x37bb1a78, 0x37bb1c00, 0x38180000)
    rw space 12288K,  52% used [0x38180000, 0x387c62c0, 0x387c6400, 0x38d80000)
GC Heap History (10 events):
Event: 458.887 GC heap after
Heap after GC invocations=76 (full 27):
 def new generation   total 157248K, used 45092K [0x13780000, 0x1e220000, 0x1e220000)
  eden space 139776K,  32% used [0x13780000, 0x16389240, 0x1c000000)
  from space 17472K,   0% used [0x1d110000, 0x1d110000, 0x1e220000)
  to   space 17472K,   0% used [0x1c000000, 0x1c000000, 0x1d110000)
 tenured generation   total 349568K, used 349567K [0x1e220000, 0x33780000, 0x33780000)
   the space 349568K,  99% used [0x1e220000, 0x3377fff8, 0x33780000, 0x33780000)
 compacting perm gen  total 27392K, used 27312K [0x33780000, 0x35240000, 0x37780000)
   the space 27392K,  99% used [0x33780000, 0x3522c3b0, 0x3522c400, 0x35240000)
    ro space 10240K,  41% used [0x37780000, 0x37bb1a78, 0x37bb1c00, 0x38180000)
    rw space 12288K,  52% used [0x38180000, 0x387c62c0, 0x387c6400, 0x38d80000)
}
Event: 460.762 GC heap before
{Heap before GC invocations=76 (full 27):
 def new generation   total 157248K, used 157247K [0x13780000, 0x1e220000, 0x1e220000)
  eden space 139776K, 100% used [0x13780000, 0x1c000000, 0x1c000000)
  from space 17472K,  99% used [0x1d110000, 0x1e21ff58, 0x1e220000)
  to   space 17472K,   0% used [0x1c000000, 0x1c000000, 0x1d110000)
 tenured generation   total 349568K, used 349567K [0x1e220000, 0x33780000, 0x33780000)
   the space 349568K,  99% used [0x1e220000, 0x3377fff8, 0x33780000, 0x33780000)
 compacting perm gen  total 27392K, used 27313K [0x33780000, 0x35240000, 0x37780000)
   the space 27392K,  99% used [0x33780000, 0x3522c400, 0x3522c400, 0x35240000)
    ro space 10240K,  41% used [0x37780000, 0x37bb1a78, 0x37bb1c00, 0x38180000)
    rw space 12288K,  52% used [0x38180000, 0x387c62c0, 0x387c6400, 0x38d80000)
Event: 462.180 GC heap after
Heap after GC invocations=77 (full 28):
 def new generation   total 157248K, used 41868K [0x13780000, 0x1e220000, 0x1e220000)
  eden space 139776K,  29% used [0x13780000, 0x16063038, 0x1c000000)
  from space 17472K,   0% used [0x1d110000, 0x1d110000, 0x1e220000)
  to   space 17472K,   0% used [0x1c000000, 0x1c000000, 0x1d110000)
 tenured generation   total 349568K, used 349568K [0x1e220000, 0x33780000, 0x33780000)
   the space 349568K, 100% used [0x1e220000, 0x33780000, 0x33780000, 0x33780000)
 compacting perm gen  total 27392K, used 27312K [0x33780000, 0x35240000, 0x37780000)
   the space 27392K,  99% used [0x33780000, 0x3522c1b0, 0x3522c200, 0x35240000)
    ro space 10240K,  41% used [0x37780000, 0x37bb1a78, 0x37bb1c00, 0x38180000)
    rw space 12288K,  52% used [0x38180000, 0x387c62c0, 0x387c6400, 0x38d80000)
}
Event: 462.857 GC heap before
{Heap before GC invocations=77 (full 28):
 def new generation   total 157248K, used 157247K [0x13780000, 0x1e220000, 0x1e220000)
  eden space 139776K, 100% used [0x13780000, 0x1c000000, 0x1c000000)
  from space 17472K,  99% used [0x1d110000, 0x1e21fff8, 0x1e220000)
  to   space 17472K,   0% used [0x1c000000, 0x1c000000, 0x1d110000)
 tenured generation   total 349568K, used 349568K [0x1e220000, 0x33780000, 0x33780000)
   the space 349568K, 100% used [0x1e220000, 0x33780000, 0x33780000, 0x33780000)
 compacting perm gen  total 27392K, used 27313K [0x33780000, 0x35240000, 0x37780000)
   the space 27392K,  99% used [0x33780000, 0x3522c4e0, 0x3522c600, 0x35240000)
    ro space 10240K,  41% used [0x37780000, 0x37bb1a78, 0x37bb1c00, 0x38180000)
    rw space 12288K,  52% used [0x38180000, 0x387c62c0, 0x387c6400, 0x38d80000)
Event: 464.234 GC heap after
Heap after GC invocations=78 (full 29):
 def new generation   total 157248K, used 46697K [0x13780000, 0x1e220000, 0x1e220000)
  eden space 139776K,  33% used [0x13780000, 0x1651a678, 0x1c000000)
  from space 17472K,   0% used [0x1d110000, 0x1d110000, 0x1e220000)
  to   space 17472K,   0% used [0x1c000000, 0x1c000000, 0x1d110000)
 tenured generation   total 349568K, used 349568K [0x1e220000, 0x33780000, 0x33780000)
   the space 349568K, 100% used [0x1e220000, 0x33780000, 0x33780000, 0x33780000)
 compacting perm gen  total 27392K, used 27313K [0x33780000, 0x35240000, 0x37780000)
   the space 27392K,  99% used [0x33780000, 0x3522c4e0, 0x3522c600, 0x35240000)
    ro space 10240K,  41% used [0x37780000, 0x37bb1a78, 0x37bb1c00, 0x38180000)
    rw space 12288K,  52% used [0x38180000, 0x387c62c0, 0x387c6400, 0x38d80000)
}
Event: 464.639 GC heap before
{Heap before GC invocations=78 (full 29):
 def new generation   total 157248K, used 157245K [0x13780000, 0x1e220000, 0x1e220000)
  eden space 139776K, 100% used [0x13780000, 0x1c000000, 0x1c000000)
  from space 17472K,  99% used [0x1d110000, 0x1e21f498, 0x1e220000)
  to   space 17472K,   0% used [0x1c000000, 0x1c000000, 0x1d110000)
 tenured generation   total 349568K, used 349568K [0x1e220000, 0x33780000, 0x33780000)
   the space 349568K, 100% used [0x1e220000, 0x33780000, 0x33780000, 0x33780000)
 compacting perm gen  total 27392K, used 27313K [0x33780000, 0x35240000, 0x37780000)
   the space 27392K,  99% used [0x33780000, 0x3522c510, 0x3522c600, 0x35240000)
    ro space 10240K,  41% used [0x37780000, 0x37bb1a78, 0x37bb1c00, 0x38180000)
    rw space 12288K,  52% used [0x38180000, 0x387c62c0, 0x387c6400, 0x38d80000)
Event: 465.995 GC heap after
Heap after GC invocations=79 (full 30):
 def new generation   total 157248K, used 48509K [0x13780000, 0x1e220000, 0x1e220000)
  eden space 139776K,  34% used [0x13780000, 0x166df650, 0x1c000000)
  from space 17472K,   0% used [0x1d110000, 0x1d110000, 0x1e220000)
  to   space 17472K,   0% used [0x1c000000, 0x1c000000, 0x1d110000)
 tenured generation   total 349568K, used 349568K [0x1e220000, 0x33780000, 0x33780000)
   the space 349568K, 100% used [0x1e220000, 0x33780000, 0x33780000, 0x33780000)
 compacting perm gen  total 27392K, used 27313K [0x33780000, 0x35240000, 0x37780000)
   the space 27392K,  99% used [0x33780000, 0x3522c510, 0x3522c600, 0x35240000)
    ro space 10240K,  41% used [0x37780000, 0x37bb1a78, 0x37bb1c00, 0x38180000)
    rw space 12288K,  52% used [0x38180000, 0x387c62c0, 0x387c6400, 0x38d80000)
}
Event: 466.894 GC heap before
{Heap before GC invocations=79 (full 30):
 def new generation   total 157248K, used 157247K [0x13780000, 0x1e220000, 0x1e220000)
  eden space 139776K, 100% used [0x13780000, 0x1c000000, 0x1c000000)
  from space 17472K,  99% used [0x1d110000, 0x1e21feb8, 0x1e220000)
  to   space 17472K,   0% used [0x1c000000, 0x1c000000, 0x1d110000)
 tenured generation   total 349568K, used 349568K [0x1e220000, 0x33780000, 0x33780000)
   the space 349568K, 100% used [0x1e220000, 0x33780000, 0x33780000, 0x33780000)
 compacting perm gen  total 27392K, used 27318K [0x33780000, 0x35240000, 0x37780000)
   the space 27392K,  99% used [0x33780000, 0x3522d9b8, 0x3522da00, 0x35240000)
    ro space 10240K,  41% used [0x37780000, 0x37bb1a78, 0x37bb1c00, 0x38180000)
    rw space 12288K,  52% used [0x38180000, 0x387c62c0, 0x387c6400, 0x38d80000)
Event: 468.286 GC heap after
Heap after GC invocations=80 (full 31):
 def new generation   total 157248K, used 53540K [0x13780000, 0x1e220000, 0x1e220000)
  eden space 139776K,  38% used [0x13780000, 0x16bc93b8, 0x1c000000)
  from space 17472K,   0% used [0x1d110000, 0x1d110000, 0x1e220000)
  to   space 17472K,   0% used [0x1c000000, 0x1c000000, 0x1d110000)
 tenured generation   total 349568K, used 349568K [0x1e220000, 0x33780000, 0x33780000)
   the space 349568K, 100% used [0x1e220000, 0x33780000, 0x33780000, 0x33780000)
 compacting perm gen  total 27392K, used 27318K [0x33780000, 0x35240000, 0x37780000)
   the space 27392K,  99% used [0x33780000, 0x3522d9b8, 0x3522da00, 0x35240000)
    ro space 10240K,  41% used [0x37780000, 0x37bb1a78, 0x37bb1c00, 0x38180000)
    rw space 12288K,  52% used [0x38180000, 0x387c62c0, 0x387c6400, 0x38d80000)
}
Event: 469.015 GC heap before
{Heap before GC invocations=80 (full 31):
 def new generation   total 157248K, used 157248K [0x13780000, 0x1e220000, 0x1e220000)
  eden space 139776K, 100% used [0x13780000, 0x1c000000, 0x1c000000)
  from space 17472K, 100% used [0x1d110000, 0x1e220000, 0x1e220000)
  to   space 17472K,   0% used [0x1c000000, 0x1c000000, 0x1d110000)
 tenured generation   total 349568K, used 349568K [0x1e220000, 0x33780000, 0x33780000)
   the space 349568K, 100% used [0x1e220000, 0x33780000, 0x33780000, 0x33780000)
 compacting perm gen  total 27392K, used 27329K [0x33780000, 0x35240000, 0x37780000)
   the space 27392K,  99% used [0x33780000, 0x352306c0, 0x35230800, 0x35240000)
    ro space 10240K,  41% used [0x37780000, 0x37bb1a78, 0x37bb1c00, 0x38180000)
    rw space 12288K,  52% used [0x38180000, 0x387c62c0, 0x387c6400, 0x38d80000)

