# JRE version: Java(TM) SE Runtime Environment (7.0_45-b18) (build 1.7.0_45-b18)
# Java VM: Java HotSpot(TM) Client VM (24.45-b08 mixed mode, sharing windows-x86 )
Heap
 def new generation   total 61376K, used 6784K [0x13780000, 0x17a10000, 0x1e220000)
  eden space 54592K,   0% used [0x13780000, 0x13780000, 0x16cd0000)
  from space 6784K, 100% used [0x16cd0000, 0x17370000, 0x17370000)
  to   space 6784K,   0% used [0x17370000, 0x17370000, 0x17a10000)
 tenured generation   total 136816K, used 136739K [0x1e220000, 0x267bc000, 0x33780000)
   the space 136816K,  99% used [0x1e220000, 0x267a8ca8, 0x267a8e00, 0x267bc000)
 compacting perm gen  total 12288K, used 8764K [0x33780000, 0x34380000, 0x37780000)
   the space 12288K,  71% used [0x33780000, 0x3400f2f0, 0x3400f400, 0x34380000)
    ro space 10240K,  41% used [0x37780000, 0x37bb1a78, 0x37bb1c00, 0x38180000)
    rw space 12288K,  52% used [0x38180000, 0x387c62c0, 0x387c6400, 0x38d80000)
GC Heap History (10 events):
Event: 16.116 GC heap after
Heap after GC invocations=27 (full 4):
 def new generation   total 33600K, used 3712K [0x13780000, 0x15bf0000, 0x1e220000)
  eden space 29888K,   0% used [0x13780000, 0x13780000, 0x154b0000)
  from space 3712K, 100% used [0x15850000, 0x15bf0000, 0x15bf0000)
  to   space 3712K,   0% used [0x154b0000, 0x154b0000, 0x15850000)
 tenured generation   total 74492K, used 69159K [0x1e220000, 0x22adf000, 0x33780000)
   the space 74492K,  92% used [0x1e220000, 0x225a9de0, 0x225a9e00, 0x22adf000)
 compacting perm gen  total 12288K, used 6753K [0x33780000, 0x34380000, 0x37780000)
   the space 12288K,  54% used [0x33780000, 0x33e18740, 0x33e18800, 0x34380000)
    ro space 10240K,  41% used [0x37780000, 0x37bb1a78, 0x37bb1c00, 0x38180000)
    rw space 12288K,  52% used [0x38180000, 0x387c62c0, 0x387c6400, 0x38d80000)
}
Event: 16.615 GC heap before
{Heap before GC invocations=27 (full 4):
 def new generation   total 33600K, used 33600K [0x13780000, 0x15bf0000, 0x1e220000)
  eden space 29888K, 100% used [0x13780000, 0x154b0000, 0x154b0000)
  from space 3712K, 100% used [0x15850000, 0x15bf0000, 0x15bf0000)
  to   space 3712K,   0% used [0x154b0000, 0x154b0000, 0x15850000)
 tenured generation   total 74492K, used 69159K [0x1e220000, 0x22adf000, 0x33780000)
   the space 74492K,  92% used [0x1e220000, 0x225a9de0, 0x225a9e00, 0x22adf000)
 compacting perm gen  total 12288K, used 6958K [0x33780000, 0x34380000, 0x37780000)
   the space 12288K,  56% used [0x33780000, 0x33e4bbe8, 0x33e4bc00, 0x34380000)
    ro space 10240K,  41% used [0x37780000, 0x37bb1a78, 0x37bb1c00, 0x38180000)
    rw space 12288K,  52% used [0x38180000, 0x387c62c0, 0x387c6400, 0x38d80000)
Event: 17.265 GC heap after
Heap after GC invocations=28 (full 5):
 def new generation   total 61376K, used 0K [0x13780000, 0x17a10000, 0x1e220000)
  eden space 54592K,   0% used [0x13780000, 0x13780000, 0x16cd0000)
  from space 6784K,   0% used [0x16cd0000, 0x16cd0000, 0x17370000)
  to   space 6784K,   0% used [0x17370000, 0x17370000, 0x17a10000)
 tenured generation   total 136176K, used 81704K [0x1e220000, 0x2671c000, 0x33780000)
   the space 136176K,  59% used [0x1e220000, 0x231ea320, 0x231ea400, 0x2671c000)
 compacting perm gen  total 12288K, used 6958K [0x33780000, 0x34380000, 0x37780000)
   the space 12288K,  56% used [0x33780000, 0x33e4bbe8, 0x33e4bc00, 0x34380000)
    ro space 10240K,  41% used [0x37780000, 0x37bb1a78, 0x37bb1c00, 0x38180000)
    rw space 12288K,  52% used [0x38180000, 0x387c62c0, 0x387c6400, 0x38d80000)
}
Event: 19.983 GC heap before
{Heap before GC invocations=28 (full 5):
 def new generation   total 61376K, used 54592K [0x13780000, 0x17a10000, 0x1e220000)
  eden space 54592K, 100% used [0x13780000, 0x16cd0000, 0x16cd0000)
  from space 6784K,   0% used [0x16cd0000, 0x16cd0000, 0x17370000)
  to   space 6784K,   0% used [0x17370000, 0x17370000, 0x17a10000)
 tenured generation   total 136176K, used 81704K [0x1e220000, 0x2671c000, 0x33780000)
   the space 136176K,  59% used [0x1e220000, 0x231ea320, 0x231ea400, 0x2671c000)
 compacting perm gen  total 12288K, used 7022K [0x33780000, 0x34380000, 0x37780000)
   the space 12288K,  57% used [0x33780000, 0x33e5bba8, 0x33e5bc00, 0x34380000)
    ro space 10240K,  41% used [0x37780000, 0x37bb1a78, 0x37bb1c00, 0x38180000)
    rw space 12288K,  52% used [0x38180000, 0x387c62c0, 0x387c6400, 0x38d80000)
Event: 20.187 GC heap after
Heap after GC invocations=29 (full 5):
 def new generation   total 61376K, used 6784K [0x13780000, 0x17a10000, 0x1e220000)
  eden space 54592K,   0% used [0x13780000, 0x13780000, 0x16cd0000)
  from space 6784K, 100% used [0x17370000, 0x17a10000, 0x17a10000)
  to   space 6784K,   0% used [0x16cd0000, 0x16cd0000, 0x17370000)
 tenured generation   total 136176K, used 92705K [0x1e220000, 0x2671c000, 0x33780000)
   the space 136176K,  68% used [0x1e220000, 0x23ca84b0, 0x23ca8600, 0x2671c000)
 compacting perm gen  total 12288K, used 7022K [0x33780000, 0x34380000, 0x37780000)
   the space 12288K,  57% used [0x33780000, 0x33e5bba8, 0x33e5bc00, 0x34380000)
    ro space 10240K,  41% used [0x37780000, 0x37bb1a78, 0x37bb1c00, 0x38180000)
    rw space 12288K,  52% used [0x38180000, 0x387c62c0, 0x387c6400, 0x38d80000)
}
Event: 22.016 GC heap before
{Heap before GC invocations=29 (full 5):
 def new generation   total 61376K, used 61376K [0x13780000, 0x17a10000, 0x1e220000)
  eden space 54592K, 100% used [0x13780000, 0x16cd0000, 0x16cd0000)
  from space 6784K, 100% used [0x17370000, 0x17a10000, 0x17a10000)
  to   space 6784K,   0% used [0x16cd0000, 0x16cd0000, 0x17370000)
 tenured generation   total 136176K, used 92705K [0x1e220000, 0x2671c000, 0x33780000)
   the space 136176K,  68% used [0x1e220000, 0x23ca84b0, 0x23ca8600, 0x2671c000)
 compacting perm gen  total 12288K, used 8068K [0x33780000, 0x34380000, 0x37780000)
   the space 12288K,  65% used [0x33780000, 0x33f613e0, 0x33f61400, 0x34380000)
    ro space 10240K,  41% used [0x37780000, 0x37bb1a78, 0x37bb1c00, 0x38180000)
    rw space 12288K,  52% used [0x38180000, 0x387c62c0, 0x387c6400, 0x38d80000)
Event: 22.359 GC heap after
Heap after GC invocations=30 (full 5):
 def new generation   total 61376K, used 6784K [0x13780000, 0x17a10000, 0x1e220000)
  eden space 54592K,   0% used [0x13780000, 0x13780000, 0x16cd0000)
  from space 6784K, 100% used [0x16cd0000, 0x17370000, 0x17370000)
  to   space 6784K,   0% used [0x17370000, 0x17370000, 0x17a10000)
 tenured generation   total 136176K, used 109745K [0x1e220000, 0x2671c000, 0x33780000)
   the space 136176K,  80% used [0x1e220000, 0x24d4c458, 0x24d4c600, 0x2671c000)
 compacting perm gen  total 12288K, used 8068K [0x33780000, 0x34380000, 0x37780000)
   the space 12288K,  65% used [0x33780000, 0x33f613e0, 0x33f61400, 0x34380000)
    ro space 10240K,  41% used [0x37780000, 0x37bb1a78, 0x37bb1c00, 0x38180000)
    rw space 12288K,  52% used [0x38180000, 0x387c62c0, 0x387c6400, 0x38d80000)
}
Event: 24.434 GC heap before
{Heap before GC invocations=30 (full 5):
 def new generation   total 61376K, used 61376K [0x13780000, 0x17a10000, 0x1e220000)
  eden space 54592K, 100% used [0x13780000, 0x16cd0000, 0x16cd0000)
  from space 6784K, 100% used [0x16cd0000, 0x17370000, 0x17370000)
  to   space 6784K,   0% used [0x17370000, 0x17370000, 0x17a10000)
 tenured generation   total 136176K, used 109745K [0x1e220000, 0x2671c000, 0x33780000)
   the space 136176K,  80% used [0x1e220000, 0x24d4c458, 0x24d4c600, 0x2671c000)
 compacting perm gen  total 12288K, used 8468K [0x33780000, 0x34380000, 0x37780000)
   the space 12288K,  68% used [0x33780000, 0x33fc50e8, 0x33fc5200, 0x34380000)
    ro space 10240K,  41% used [0x37780000, 0x37bb1a78, 0x37bb1c00, 0x38180000)
    rw space 12288K,  52% used [0x38180000, 0x387c62c0, 0x387c6400, 0x38d80000)
Event: 24.547 GC heap after
Heap after GC invocations=31 (full 5):
 def new generation   total 61376K, used 6784K [0x13780000, 0x17a10000, 0x1e220000)
  eden space 54592K,   0% used [0x13780000, 0x13780000, 0x16cd0000)
  from space 6784K, 100% used [0x17370000, 0x17a10000, 0x17a10000)
  to   space 6784K,   0% used [0x16cd0000, 0x16cd0000, 0x17370000)
 tenured generation   total 136176K, used 118063K [0x1e220000, 0x2671c000, 0x33780000)
   the space 136176K,  86% used [0x1e220000, 0x2556bc90, 0x2556be00, 0x2671c000)
 compacting perm gen  total 12288K, used 8468K [0x33780000, 0x34380000, 0x37780000)
   the space 12288K,  68% used [0x33780000, 0x33fc50e8, 0x33fc5200, 0x34380000)
    ro space 10240K,  41% used [0x37780000, 0x37bb1a78, 0x37bb1c00, 0x38180000)
    rw space 12288K,  52% used [0x38180000, 0x387c62c0, 0x387c6400, 0x38d80000)
}
Event: 25.936 GC heap before
{Heap before GC invocations=31 (full 5):
 def new generation   total 61376K, used 49649K [0x13780000, 0x17a10000, 0x1e220000)
  eden space 54592K,  78% used [0x13780000, 0x1615c440, 0x16cd0000)
  from space 6784K, 100% used [0x17370000, 0x17a10000, 0x17a10000)
  to   space 6784K,   0% used [0x16cd0000, 0x16cd0000, 0x17370000)
 tenured generation   total 136176K, used 118063K [0x1e220000, 0x2671c000, 0x33780000)
   the space 136176K,  86% used [0x1e220000, 0x2556bc90, 0x2556be00, 0x2671c000)
 compacting perm gen  total 12288K, used 8764K [0x33780000, 0x34380000, 0x37780000)
   the space 12288K,  71% used [0x33780000, 0x3400f2f0, 0x3400f400, 0x34380000)
    ro space 10240K,  41% used [0x37780000, 0x37bb1a78, 0x37bb1c00, 0x38180000)
    rw space 12288K,  52% used [0x38180000, 0x387c62c0, 0x387c6400, 0x38d80000)

