# JRE version: Java(TM) SE Runtime Environment (7.0_45-b18) (build 1.7.0_45-b18)
# Java VM: Java HotSpot(TM) Client VM (24.45-b08 mixed mode, sharing windows-x86 )
Heap
 def new generation   total 157248K, used 157247K [0x13780000, 0x1e220000, 0x1e220000)
  eden space 139776K, 100% used [0x13780000, 0x1c000000, 0x1c000000)
  from space 17472K,  99% used [0x1d110000, 0x1e21ffe8, 0x1e220000)
  to   space 17472K,   0% used [0x1c000000, 0x1c000000, 0x1d110000)
 tenured generation   total 349568K, used 349568K [0x1e220000, 0x33780000, 0x33780000)
   the space 349568K, 100% used [0x1e220000, 0x33780000, 0x33780000, 0x33780000)
 compacting perm gen  total 32512K, used 32449K [0x33780000, 0x35740000, 0x37780000)
   the space 32512K,  99% used [0x33780000, 0x357304a8, 0x35730600, 0x35740000)
    ro space 10240K,  41% used [0x37780000, 0x37bb1a78, 0x37bb1c00, 0x38180000)
    rw space 12288K,  52% used [0x38180000, 0x387c62c0, 0x387c6400, 0x38d80000)
GC Heap History (10 events):
Event: 2672.365 GC heap after
Heap after GC invocations=94 (full 32):
 def new generation   total 157248K, used 17472K [0x13780000, 0x1e220000, 0x1e220000)
  eden space 139776K,   0% used [0x13780000, 0x13780000, 0x1c000000)
  from space 17472K, 100% used [0x1d110000, 0x1e220000, 0x1e220000)
  to   space 17472K,   0% used [0x1c000000, 0x1c000000, 0x1d110000)
 tenured generation   total 349568K, used 325235K [0x1e220000, 0x33780000, 0x33780000)
   the space 349568K,  93% used [0x1e220000, 0x31fbcce0, 0x31fbce00, 0x33780000)
 compacting perm gen  total 27648K, used 27395K [0x33780000, 0x35280000, 0x37780000)
   the space 27648K,  99% used [0x33780000, 0x35240e68, 0x35241000, 0x35280000)
    ro space 10240K,  41% used [0x37780000, 0x37bb1a78, 0x37bb1c00, 0x38180000)
    rw space 12288K,  52% used [0x38180000, 0x387c62c0, 0x387c6400, 0x38d80000)
}
Event: 2677.874 GC heap before
{Heap before GC invocations=94 (full 32):
 def new generation   total 157248K, used 55089K [0x13780000, 0x1e220000, 0x1e220000)
  eden space 139776K,  26% used [0x13780000, 0x15c3c5f0, 0x1c000000)
  from space 17472K, 100% used [0x1d110000, 0x1e220000, 0x1e220000)
  to   space 17472K,   0% used [0x1c000000, 0x1c000000, 0x1d110000)
 tenured generation   total 349568K, used 325235K [0x1e220000, 0x33780000, 0x33780000)
   the space 349568K,  93% used [0x1e220000, 0x31fbcce0, 0x31fbce00, 0x33780000)
 compacting perm gen  total 27648K, used 27645K [0x33780000, 0x35280000, 0x37780000)
   the space 27648K,  99% used [0x33780000, 0x3527f4f0, 0x3527f600, 0x35280000)
    ro space 10240K,  41% used [0x37780000, 0x37bb1a78, 0x37bb1c00, 0x38180000)
    rw space 12288K,  52% used [0x38180000, 0x387c62c0, 0x387c6400, 0x38d80000)
Event: 2679.402 GC heap after
Heap after GC invocations=95 (full 33):
 def new generation   total 157248K, used 0K [0x13780000, 0x1e220000, 0x1e220000)
  eden space 139776K,   0% used [0x13780000, 0x13780000, 0x1c000000)
  from space 17472K,   0% used [0x1d110000, 0x1d110000, 0x1e220000)
  to   space 17472K,   0% used [0x1c000000, 0x1c000000, 0x1d110000)
 tenured generation   total 349568K, used 345714K [0x1e220000, 0x33780000, 0x33780000)
   the space 349568K,  98% used [0x1e220000, 0x333bc988, 0x333bca00, 0x33780000)
 compacting perm gen  total 27648K, used 27645K [0x33780000, 0x35280000, 0x37780000)
   the space 27648K,  99% used [0x33780000, 0x3527f4f0, 0x3527f600, 0x35280000)
    ro space 10240K,  41% used [0x37780000, 0x37bb1a78, 0x37bb1c00, 0x38180000)
    rw space 12288K,  52% used [0x38180000, 0x387c62c0, 0x387c6400, 0x38d80000)
}
Event: 2681.198 GC heap before
{Heap before GC invocations=95 (full 33):
 def new generation   total 157248K, used 127758K [0x13780000, 0x1e220000, 0x1e220000)
  eden space 139776K,  91% used [0x13780000, 0x1b4438c0, 0x1c000000)
  from space 17472K,   0% used [0x1d110000, 0x1d110000, 0x1e220000)
  to   space 17472K,   0% used [0x1c000000, 0x1c000000, 0x1d110000)
 tenured generation   total 349568K, used 345714K [0x1e220000, 0x33780000, 0x33780000)
   the space 349568K,  98% used [0x1e220000, 0x333bc988, 0x333bca00, 0x33780000)
 compacting perm gen  total 31744K, used 31743K [0x33780000, 0x35680000, 0x37780000)
   the space 31744K,  99% used [0x33780000, 0x3567ffa0, 0x35680000, 0x35680000)
    ro space 10240K,  41% used [0x37780000, 0x37bb1a78, 0x37bb1c00, 0x38180000)
    rw space 12288K,  52% used [0x38180000, 0x387c62c0, 0x387c6400, 0x38d80000)
Event: 2682.532 GC heap after
Heap after GC invocations=96 (full 34):
 def new generation   total 157248K, used 550K [0x13780000, 0x1e220000, 0x1e220000)
  eden space 139776K,   0% used [0x13780000, 0x13809b28, 0x1c000000)
  from space 17472K,   0% used [0x1d110000, 0x1d110000, 0x1e220000)
  to   space 17472K,   0% used [0x1c000000, 0x1c000000, 0x1d110000)
 tenured generation   total 349568K, used 349567K [0x1e220000, 0x33780000, 0x33780000)
   the space 349568K,  99% used [0x1e220000, 0x3377fff8, 0x33780000, 0x33780000)
 compacting perm gen  total 31744K, used 31743K [0x33780000, 0x35680000, 0x37780000)
   the space 31744K,  99% used [0x33780000, 0x3567ffa0, 0x35680000, 0x35680000)
    ro space 10240K,  41% used [0x37780000, 0x37bb1a78, 0x37bb1c00, 0x38180000)
    rw space 12288K,  52% used [0x38180000, 0x387c62c0, 0x387c6400, 0x38d80000)
}
Event: 2683.307 GC heap before
{Heap before GC invocations=96 (full 34):
 def new generation   total 157248K, used 157247K [0x13780000, 0x1e220000, 0x1e220000)
  eden space 139776K, 100% used [0x13780000, 0x1c000000, 0x1c000000)
  from space 17472K,  99% used [0x1d110000, 0x1e21ffd0, 0x1e220000)
  to   space 17472K,   0% used [0x1c000000, 0x1c000000, 0x1d110000)
 tenured generation   total 349568K, used 349567K [0x1e220000, 0x33780000, 0x33780000)
   the space 349568K,  99% used [0x1e220000, 0x3377fff8, 0x33780000, 0x33780000)
 compacting perm gen  total 32512K, used 32308K [0x33780000, 0x35740000, 0x37780000)
   the space 32512K,  99% used [0x33780000, 0x3570d3e8, 0x3570d400, 0x35740000)
    ro space 10240K,  41% used [0x37780000, 0x37bb1a78, 0x37bb1c00, 0x38180000)
    rw space 12288K,  52% used [0x38180000, 0x387c62c0, 0x387c6400, 0x38d80000)
Event: 2684.606 GC heap after
Heap after GC invocations=97 (full 35):
 def new generation   total 157248K, used 8087K [0x13780000, 0x1e220000, 0x1e220000)
  eden space 139776K,   5% used [0x13780000, 0x13f65c88, 0x1c000000)
  from space 17472K,   0% used [0x1d110000, 0x1d110000, 0x1e220000)
  to   space 17472K,   0% used [0x1c000000, 0x1c000000, 0x1d110000)
 tenured generation   total 349568K, used 349567K [0x1e220000, 0x33780000, 0x33780000)
   the space 349568K,  99% used [0x1e220000, 0x3377fff8, 0x33780000, 0x33780000)
 compacting perm gen  total 32512K, used 32308K [0x33780000, 0x35740000, 0x37780000)
   the space 32512K,  99% used [0x33780000, 0x3570d3e8, 0x3570d400, 0x35740000)
    ro space 10240K,  41% used [0x37780000, 0x37bb1a78, 0x37bb1c00, 0x38180000)
    rw space 12288K,  52% used [0x38180000, 0x387c62c0, 0x387c6400, 0x38d80000)
}
Event: 2685.124 GC heap before
{Heap before GC invocations=97 (full 35):
 def new generation   total 157248K, used 157247K [0x13780000, 0x1e220000, 0x1e220000)
  eden space 139776K, 100% used [0x13780000, 0x1c000000, 0x1c000000)
  from space 17472K,  99% used [0x1d110000, 0x1e21ff68, 0x1e220000)
  to   space 17472K,   0% used [0x1c000000, 0x1c000000, 0x1d110000)
 tenured generation   total 349568K, used 349567K [0x1e220000, 0x33780000, 0x33780000)
   the space 349568K,  99% used [0x1e220000, 0x3377fff8, 0x33780000, 0x33780000)
 compacting perm gen  total 32512K, used 32435K [0x33780000, 0x35740000, 0x37780000)
   the space 32512K,  99% used [0x33780000, 0x3572ceb8, 0x3572d000, 0x35740000)
    ro space 10240K,  41% used [0x37780000, 0x37bb1a78, 0x37bb1c00, 0x38180000)
    rw space 12288K,  52% used [0x38180000, 0x387c62c0, 0x387c6400, 0x38d80000)
Event: 2686.737 GC heap after
Heap after GC invocations=98 (full 36):
 def new generation   total 157248K, used 4820K [0x13780000, 0x1e220000, 0x1e220000)
  eden space 139776K,   3% used [0x13780000, 0x13c353d8, 0x1c000000)
  from space 17472K,   0% used [0x1d110000, 0x1d110000, 0x1e220000)
  to   space 17472K,   0% used [0x1c000000, 0x1c000000, 0x1d110000)
 tenured generation   total 349568K, used 349568K [0x1e220000, 0x33780000, 0x33780000)
   the space 349568K, 100% used [0x1e220000, 0x33780000, 0x33780000, 0x33780000)
 compacting perm gen  total 32512K, used 32266K [0x33780000, 0x35740000, 0x37780000)
   the space 32512K,  99% used [0x33780000, 0x35702a08, 0x35702c00, 0x35740000)
    ro space 10240K,  41% used [0x37780000, 0x37bb1a78, 0x37bb1c00, 0x38180000)
    rw space 12288K,  52% used [0x38180000, 0x387c62c0, 0x387c6400, 0x38d80000)
}
Event: 2687.538 GC heap before
{Heap before GC invocations=98 (full 36):
 def new generation   total 157248K, used 157247K [0x13780000, 0x1e220000, 0x1e220000)
  eden space 139776K, 100% used [0x13780000, 0x1c000000, 0x1c000000)
  from space 17472K,  99% used [0x1d110000, 0x1e21ffe8, 0x1e220000)
  to   space 17472K,   0% used [0x1c000000, 0x1c000000, 0x1d110000)
 tenured generation   total 349568K, used 349568K [0x1e220000, 0x33780000, 0x33780000)
   the space 349568K, 100% used [0x1e220000, 0x33780000, 0x33780000, 0x33780000)
 compacting perm gen  total 32512K, used 32449K [0x33780000, 0x35740000, 0x37780000)
   the space 32512K,  99% used [0x33780000, 0x357304a8, 0x35730600, 0x35740000)
    ro space 10240K,  41% used [0x37780000, 0x37bb1a78, 0x37bb1c00, 0x38180000)
    rw space 12288K,  52% used [0x38180000, 0x387c62c0, 0x387c6400, 0x38d80000)

