# JRE version: Java(TM) SE Runtime Environment (7.0_45-b18) (build 1.7.0_45-b18)
# Java VM: Java HotSpot(TM) Client VM (24.45-b08 mixed mode, sharing windows-x86 )
Heap
 def new generation   total 138176K, used 54799K [0x13780000, 0x1cd60000, 0x1e220000)
  eden space 122880K,  36% used [0x13780000, 0x163dd9d0, 0x1af80000)
  from space 15296K,  61% used [0x1af80000, 0x1b8a64f0, 0x1be70000)
  to   space 15296K,   0% used [0x1be70000, 0x1be70000, 0x1cd60000)
 tenured generation   total 306756K, used 197050K [0x1e220000, 0x30db1000, 0x33780000)
   the space 306756K,  64% used [0x1e220000, 0x2a28ebb0, 0x2a28ec00, 0x30db1000)
 compacting perm gen  total 17408K, used 17405K [0x33780000, 0x34880000, 0x37780000)
   the space 17408K,  99% used [0x33780000, 0x3487f7c8, 0x3487f800, 0x34880000)
    ro space 10240K,  41% used [0x37780000, 0x37bb1a78, 0x37bb1c00, 0x38180000)
    rw space 12288K,  52% used [0x38180000, 0x387c62c0, 0x387c6400, 0x38d80000)
GC Heap History (10 events):
Event: 77.753 GC heap after
Heap after GC invocations=55 (full 7):
 def new generation   total 137984K, used 12251K [0x13780000, 0x1cd30000, 0x1e220000)
  eden space 122688K,   0% used [0x13780000, 0x13780000, 0x1af50000)
  from space 15296K,  80% used [0x1be40000, 0x1ca36e20, 0x1cd30000)
  to   space 15296K,   0% used [0x1af50000, 0x1af50000, 0x1be40000)
 tenured generation   total 306424K, used 259533K [0x1e220000, 0x30d5e000, 0x33780000)
   the space 306424K,  84% used [0x1e220000, 0x2df937a0, 0x2df93800, 0x30d5e000)
 compacting perm gen  total 12800K, used 12712K [0x33780000, 0x34400000, 0x37780000)
   the space 12800K,  99% used [0x33780000, 0x343ea0d8, 0x343ea200, 0x34400000)
    ro space 10240K,  41% used [0x37780000, 0x37bb1a78, 0x37bb1c00, 0x38180000)
    rw space 12288K,  52% used [0x38180000, 0x387c62c0, 0x387c6400, 0x38d80000)
}
Event: 78.419 GC heap before
{Heap before GC invocations=55 (full 7):
 def new generation   total 137984K, used 134939K [0x13780000, 0x1cd30000, 0x1e220000)
  eden space 122688K, 100% used [0x13780000, 0x1af50000, 0x1af50000)
  from space 15296K,  80% used [0x1be40000, 0x1ca36e20, 0x1cd30000)
  to   space 15296K,   0% used [0x1af50000, 0x1af50000, 0x1be40000)
 tenured generation   total 306424K, used 259533K [0x1e220000, 0x30d5e000, 0x33780000)
   the space 306424K,  84% used [0x1e220000, 0x2df937a0, 0x2df93800, 0x30d5e000)
 compacting perm gen  total 13056K, used 12965K [0x33780000, 0x34440000, 0x37780000)
   the space 13056K,  99% used [0x33780000, 0x344295b8, 0x34429600, 0x34440000)
    ro space 10240K,  41% used [0x37780000, 0x37bb1a78, 0x37bb1c00, 0x38180000)
    rw space 12288K,  52% used [0x38180000, 0x387c62c0, 0x387c6400, 0x38d80000)
Event: 78.515 GC heap after
Heap after GC invocations=56 (full 7):
 def new generation   total 137984K, used 8422K [0x13780000, 0x1cd30000, 0x1e220000)
  eden space 122688K,   0% used [0x13780000, 0x13780000, 0x1af50000)
  from space 15296K,  55% used [0x1af50000, 0x1b789b00, 0x1be40000)
  to   space 15296K,   0% used [0x1be40000, 0x1be40000, 0x1cd30000)
 tenured generation   total 306424K, used 271722K [0x1e220000, 0x30d5e000, 0x33780000)
   the space 306424K,  88% used [0x1e220000, 0x2eb7aae0, 0x2eb7ac00, 0x30d5e000)
 compacting perm gen  total 13056K, used 12965K [0x33780000, 0x34440000, 0x37780000)
   the space 13056K,  99% used [0x33780000, 0x344295b8, 0x34429600, 0x34440000)
    ro space 10240K,  41% used [0x37780000, 0x37bb1a78, 0x37bb1c00, 0x38180000)
    rw space 12288K,  52% used [0x38180000, 0x387c62c0, 0x387c6400, 0x38d80000)
}
Event: 81.204 GC heap before
{Heap before GC invocations=56 (full 7):
 def new generation   total 137984K, used 131110K [0x13780000, 0x1cd30000, 0x1e220000)
  eden space 122688K, 100% used [0x13780000, 0x1af50000, 0x1af50000)
  from space 15296K,  55% used [0x1af50000, 0x1b789b00, 0x1be40000)
  to   space 15296K,   0% used [0x1be40000, 0x1be40000, 0x1cd30000)
 tenured generation   total 306424K, used 271722K [0x1e220000, 0x30d5e000, 0x33780000)
   the space 306424K,  88% used [0x1e220000, 0x2eb7aae0, 0x2eb7ac00, 0x30d5e000)
 compacting perm gen  total 13568K, used 13321K [0x33780000, 0x344c0000, 0x37780000)
   the space 13568K,  98% used [0x33780000, 0x34482620, 0x34482800, 0x344c0000)
    ro space 10240K,  41% used [0x37780000, 0x37bb1a78, 0x37bb1c00, 0x38180000)
    rw space 12288K,  52% used [0x38180000, 0x387c62c0, 0x387c6400, 0x38d80000)
Event: 82.254 GC heap after
Heap after GC invocations=57 (full 8):
 def new generation   total 138176K, used 0K [0x13780000, 0x1cd60000, 0x1e220000)
  eden space 122880K,   0% used [0x13780000, 0x13780000, 0x1af80000)
  from space 15296K,   0% used [0x1af80000, 0x1af80000, 0x1be70000)
  to   space 15296K,   0% used [0x1be70000, 0x1be70000, 0x1cd60000)
 tenured generation   total 306756K, used 184051K [0x1e220000, 0x30db1000, 0x33780000)
   the space 306756K,  59% used [0x1e220000, 0x295dcf80, 0x295dd000, 0x30db1000)
 compacting perm gen  total 13312K, used 13285K [0x33780000, 0x34480000, 0x37780000)
   the space 13312K,  99% used [0x33780000, 0x34479750, 0x34479800, 0x34480000)
    ro space 10240K,  41% used [0x37780000, 0x37bb1a78, 0x37bb1c00, 0x38180000)
    rw space 12288K,  52% used [0x38180000, 0x387c62c0, 0x387c6400, 0x38d80000)
}
Event: 84.296 GC heap before
{Heap before GC invocations=57 (full 8):
 def new generation   total 138176K, used 122880K [0x13780000, 0x1cd60000, 0x1e220000)
  eden space 122880K, 100% used [0x13780000, 0x1af80000, 0x1af80000)
  from space 15296K,   0% used [0x1af80000, 0x1af80010, 0x1be70000)
  to   space 15296K,   0% used [0x1be70000, 0x1be70000, 0x1cd60000)
 tenured generation   total 306756K, used 184051K [0x1e220000, 0x30db1000, 0x33780000)
   the space 306756K,  59% used [0x1e220000, 0x295dcf80, 0x295dd000, 0x30db1000)
 compacting perm gen  total 13568K, used 13355K [0x33780000, 0x344c0000, 0x37780000)
   the space 13568K,  98% used [0x33780000, 0x3448ad28, 0x3448ae00, 0x344c0000)
    ro space 10240K,  41% used [0x37780000, 0x37bb1a78, 0x37bb1c00, 0x38180000)
    rw space 12288K,  52% used [0x38180000, 0x387c62c0, 0x387c6400, 0x38d80000)
Event: 84.383 GC heap after
Heap after GC invocations=58 (full 8):
 def new generation   total 138176K, used 14013K [0x13780000, 0x1cd60000, 0x1e220000)
  eden space 122880K,   0% used [0x13780000, 0x13780000, 0x1af80000)
  from space 15296K,  91% used [0x1be70000, 0x1cc1f408, 0x1cd60000)
  to   space 15296K,   0% used [0x1af80000, 0x1af80000, 0x1be70000)
 tenured generation   total 306756K, used 184051K [0x1e220000, 0x30db1000, 0x33780000)
   the space 306756K,  59% used [0x1e220000, 0x295dcf80, 0x295dd000, 0x30db1000)
 compacting perm gen  total 13568K, used 13355K [0x33780000, 0x344c0000, 0x37780000)
   the space 13568K,  98% used [0x33780000, 0x3448ad28, 0x3448ae00, 0x344c0000)
    ro space 10240K,  41% used [0x37780000, 0x37bb1a78, 0x37bb1c00, 0x38180000)
    rw space 12288K,  52% used [0x38180000, 0x387c62c0, 0x387c6400, 0x38d80000)
}
Event: 91.589 GC heap before
{Heap before GC invocations=58 (full 8):
 def new generation   total 138176K, used 136893K [0x13780000, 0x1cd60000, 0x1e220000)
  eden space 122880K, 100% used [0x13780000, 0x1af80000, 0x1af80000)
  from space 15296K,  91% used [0x1be70000, 0x1cc1f408, 0x1cd60000)
  to   space 15296K,   0% used [0x1af80000, 0x1af80000, 0x1be70000)
 tenured generation   total 306756K, used 184051K [0x1e220000, 0x30db1000, 0x33780000)
   the space 306756K,  59% used [0x1e220000, 0x295dcf80, 0x295dd000, 0x30db1000)
 compacting perm gen  total 16128K, used 15939K [0x33780000, 0x34740000, 0x37780000)
   the space 16128K,  98% used [0x33780000, 0x34710e40, 0x34711000, 0x34740000)
    ro space 10240K,  41% used [0x37780000, 0x37bb1a78, 0x37bb1c00, 0x38180000)
    rw space 12288K,  52% used [0x38180000, 0x387c62c0, 0x387c6400, 0x38d80000)
Event: 91.669 GC heap after
Heap after GC invocations=59 (full 8):
 def new generation   total 138176K, used 9369K [0x13780000, 0x1cd60000, 0x1e220000)
  eden space 122880K,   0% used [0x13780000, 0x13780000, 0x1af80000)
  from space 15296K,  61% used [0x1af80000, 0x1b8a64f0, 0x1be70000)
  to   space 15296K,   0% used [0x1be70000, 0x1be70000, 0x1cd60000)
 tenured generation   total 306756K, used 197050K [0x1e220000, 0x30db1000, 0x33780000)
   the space 306756K,  64% used [0x1e220000, 0x2a28ebb0, 0x2a28ec00, 0x30db1000)
 compacting perm gen  total 16128K, used 15939K [0x33780000, 0x34740000, 0x37780000)
   the space 16128K,  98% used [0x33780000, 0x34710e40, 0x34711000, 0x34740000)
    ro space 10240K,  41% used [0x37780000, 0x37bb1a78, 0x37bb1c00, 0x38180000)
    rw space 12288K,  52% used [0x38180000, 0x387c62c0, 0x387c6400, 0x38d80000)
}
Event: 92.172 GC heap before
{Heap before GC invocations=59 (full 8):
 def new generation   total 138176K, used 54799K [0x13780000, 0x1cd60000, 0x1e220000)
  eden space 122880K,  36% used [0x13780000, 0x163dd9d0, 0x1af80000)
  from space 15296K,  61% used [0x1af80000, 0x1b8a64f0, 0x1be70000)
  to   space 15296K,   0% used [0x1be70000, 0x1be70000, 0x1cd60000)
 tenured generation   total 306756K, used 197050K [0x1e220000, 0x30db1000, 0x33780000)
   the space 306756K,  64% used [0x1e220000, 0x2a28ebb0, 0x2a28ec00, 0x30db1000)
 compacting perm gen  total 17408K, used 17405K [0x33780000, 0x34880000, 0x37780000)
   the space 17408K,  99% used [0x33780000, 0x3487f7c8, 0x3487f800, 0x34880000)
    ro space 10240K,  41% used [0x37780000, 0x37bb1a78, 0x37bb1c00, 0x38180000)
    rw space 12288K,  52% used [0x38180000, 0x387c62c0, 0x387c6400, 0x38d80000)

