# JRE version: Java(TM) SE Runtime Environment (7.0_45-b18) (build 1.7.0_45-b18)
# Java VM: Java HotSpot(TM) Client VM (24.45-b08 mixed mode, sharing windows-x86 )
Heap
 def new generation   total 157248K, used 139776K [0x13780000, 0x1e220000, 0x1e220000)
  eden space 139776K, 100% used [0x13780000, 0x1c000000, 0x1c000000)
  from space 17472K,   0% used [0x1c000000, 0x1c000000, 0x1d110000)
  to   space 17472K,   0% used [0x1d110000, 0x1d110000, 0x1e220000)
 tenured generation   total 349568K, used 340574K [0x1e220000, 0x33780000, 0x33780000)
   the space 349568K,  97% used [0x1e220000, 0x32eb7b40, 0x32eb7c00, 0x33780000)
 compacting perm gen  total 43520K, used 43317K [0x33780000, 0x36200000, 0x37780000)
   the space 43520K,  99% used [0x33780000, 0x361cd668, 0x361cd800, 0x36200000)
    ro space 10240K,  41% used [0x37780000, 0x37bb1a78, 0x37bb1c00, 0x38180000)
    rw space 12288K,  52% used [0x38180000, 0x387c62c0, 0x387c6400, 0x38d80000)
GC Heap History (10 events):
Event: 1111.234 GC heap after
Heap after GC invocations=120 (full 27):
 def new generation   total 157248K, used 14586K [0x13780000, 0x1e220000, 0x1e220000)
  eden space 139776K,   0% used [0x13780000, 0x13780000, 0x1c000000)
  from space 17472K,  83% used [0x1d110000, 0x1df4e858, 0x1e220000)
  to   space 17472K,   0% used [0x1c000000, 0x1c000000, 0x1d110000)
 tenured generation   total 349568K, used 317908K [0x1e220000, 0x33780000, 0x33780000)
   the space 349568K,  90% used [0x1e220000, 0x31895000, 0x31895000, 0x33780000)
 compacting perm gen  total 38144K, used 38099K [0x33780000, 0x35cc0000, 0x37780000)
   the space 38144K,  99% used [0x33780000, 0x35cb4dd0, 0x35cb4e00, 0x35cc0000)
    ro space 10240K,  41% used [0x37780000, 0x37bb1a78, 0x37bb1c00, 0x38180000)
    rw space 12288K,  52% used [0x38180000, 0x387c62c0, 0x387c6400, 0x38d80000)
}
Event: 1138.316 GC heap before
{Heap before GC invocations=120 (full 27):
 def new generation   total 157248K, used 154362K [0x13780000, 0x1e220000, 0x1e220000)
  eden space 139776K, 100% used [0x13780000, 0x1c000000, 0x1c000000)
  from space 17472K,  83% used [0x1d110000, 0x1df4e858, 0x1e220000)
  to   space 17472K,   0% used [0x1c000000, 0x1c000000, 0x1d110000)
 tenured generation   total 349568K, used 317908K [0x1e220000, 0x33780000, 0x33780000)
   the space 349568K,  90% used [0x1e220000, 0x31895000, 0x31895000, 0x33780000)
 compacting perm gen  total 38656K, used 38635K [0x33780000, 0x35d40000, 0x37780000)
   the space 38656K,  99% used [0x33780000, 0x35d3ad18, 0x35d3ae00, 0x35d40000)
    ro space 10240K,  41% used [0x37780000, 0x37bb1a78, 0x37bb1c00, 0x38180000)
    rw space 12288K,  52% used [0x38180000, 0x387c62c0, 0x387c6400, 0x38d80000)
Event: 1138.429 GC heap after
Heap after GC invocations=121 (full 27):
 def new generation   total 157248K, used 11258K [0x13780000, 0x1e220000, 0x1e220000)
  eden space 139776K,   0% used [0x13780000, 0x13780000, 0x1c000000)
  from space 17472K,  64% used [0x1c000000, 0x1cafeae0, 0x1d110000)
  to   space 17472K,   0% used [0x1d110000, 0x1d110000, 0x1e220000)
 tenured generation   total 349568K, used 325009K [0x1e220000, 0x33780000, 0x33780000)
   the space 349568K,  92% used [0x1e220000, 0x31f845e8, 0x31f84600, 0x33780000)
 compacting perm gen  total 38656K, used 38635K [0x33780000, 0x35d40000, 0x37780000)
   the space 38656K,  99% used [0x33780000, 0x35d3ad18, 0x35d3ae00, 0x35d40000)
    ro space 10240K,  41% used [0x37780000, 0x37bb1a78, 0x37bb1c00, 0x38180000)
    rw space 12288K,  52% used [0x38180000, 0x387c62c0, 0x387c6400, 0x38d80000)
}
Event: 1215.607 GC heap before
{Heap before GC invocations=121 (full 27):
 def new generation   total 157248K, used 151034K [0x13780000, 0x1e220000, 0x1e220000)
  eden space 139776K, 100% used [0x13780000, 0x1c000000, 0x1c000000)
  from space 17472K,  64% used [0x1c000000, 0x1cafeae0, 0x1d110000)
  to   space 17472K,   0% used [0x1d110000, 0x1d110000, 0x1e220000)
 tenured generation   total 349568K, used 325009K [0x1e220000, 0x33780000, 0x33780000)
   the space 349568K,  92% used [0x1e220000, 0x31f845e8, 0x31f84600, 0x33780000)
 compacting perm gen  total 38656K, used 38635K [0x33780000, 0x35d40000, 0x37780000)
   the space 38656K,  99% used [0x33780000, 0x35d3ad38, 0x35d3ae00, 0x35d40000)
    ro space 10240K,  41% used [0x37780000, 0x37bb1a78, 0x37bb1c00, 0x38180000)
    rw space 12288K,  52% used [0x38180000, 0x387c62c0, 0x387c6400, 0x38d80000)
Event: 1215.696 GC heap after
Heap after GC invocations=122 (full 27):
 def new generation   total 157248K, used 7898K [0x13780000, 0x1e220000, 0x1e220000)
  eden space 139776K,   0% used [0x13780000, 0x13780000, 0x1c000000)
  from space 17472K,  45% used [0x1d110000, 0x1d8c6b30, 0x1e220000)
  to   space 17472K,   0% used [0x1c000000, 0x1c000000, 0x1d110000)
 tenured generation   total 349568K, used 332009K [0x1e220000, 0x33780000, 0x33780000)
   the space 349568K,  94% used [0x1e220000, 0x3265a668, 0x3265a800, 0x33780000)
 compacting perm gen  total 38656K, used 38635K [0x33780000, 0x35d40000, 0x37780000)
   the space 38656K,  99% used [0x33780000, 0x35d3ad38, 0x35d3ae00, 0x35d40000)
    ro space 10240K,  41% used [0x37780000, 0x37bb1a78, 0x37bb1c00, 0x38180000)
    rw space 12288K,  52% used [0x38180000, 0x387c62c0, 0x387c6400, 0x38d80000)
}
Event: 1218.055 GC heap before
{Heap before GC invocations=122 (full 27):
 def new generation   total 157248K, used 147674K [0x13780000, 0x1e220000, 0x1e220000)
  eden space 139776K, 100% used [0x13780000, 0x1c000000, 0x1c000000)
  from space 17472K,  45% used [0x1d110000, 0x1d8c6b30, 0x1e220000)
  to   space 17472K,   0% used [0x1c000000, 0x1c000000, 0x1d110000)
 tenured generation   total 349568K, used 332009K [0x1e220000, 0x33780000, 0x33780000)
   the space 349568K,  94% used [0x1e220000, 0x3265a668, 0x3265a800, 0x33780000)
 compacting perm gen  total 38656K, used 38637K [0x33780000, 0x35d40000, 0x37780000)
   the space 38656K,  99% used [0x33780000, 0x35d3b418, 0x35d3b600, 0x35d40000)
    ro space 10240K,  41% used [0x37780000, 0x37bb1a78, 0x37bb1c00, 0x38180000)
    rw space 12288K,  52% used [0x38180000, 0x387c62c0, 0x387c6400, 0x38d80000)
Event: 1218.176 GC heap after
Heap after GC invocations=123 (full 27):
 def new generation   total 157248K, used 17472K [0x13780000, 0x1e220000, 0x1e220000)
  eden space 139776K,   0% used [0x13780000, 0x13780000, 0x1c000000)
  from space 17472K, 100% used [0x1c000000, 0x1d110000, 0x1d110000)
  to   space 17472K,   0% used [0x1d110000, 0x1d110000, 0x1e220000)
 tenured generation   total 349568K, used 336056K [0x1e220000, 0x33780000, 0x33780000)
   the space 349568K,  96% used [0x1e220000, 0x32a4e188, 0x32a4e200, 0x33780000)
 compacting perm gen  total 38656K, used 38637K [0x33780000, 0x35d40000, 0x37780000)
   the space 38656K,  99% used [0x33780000, 0x35d3b418, 0x35d3b600, 0x35d40000)
    ro space 10240K,  41% used [0x37780000, 0x37bb1a78, 0x37bb1c00, 0x38180000)
    rw space 12288K,  52% used [0x38180000, 0x387c62c0, 0x387c6400, 0x38d80000)
}
Event: 1223.152 GC heap before
{Heap before GC invocations=123 (full 27):
 def new generation   total 157248K, used 102616K [0x13780000, 0x1e220000, 0x1e220000)
  eden space 139776K,  60% used [0x13780000, 0x18aa63b0, 0x1c000000)
  from space 17472K, 100% used [0x1c000000, 0x1d110000, 0x1d110000)
  to   space 17472K,   0% used [0x1d110000, 0x1d110000, 0x1e220000)
 tenured generation   total 349568K, used 336056K [0x1e220000, 0x33780000, 0x33780000)
   the space 349568K,  96% used [0x1e220000, 0x32a4e188, 0x32a4e200, 0x33780000)
 compacting perm gen  total 40704K, used 40703K [0x33780000, 0x35f40000, 0x37780000)
   the space 40704K,  99% used [0x33780000, 0x35f3fff0, 0x35f40000, 0x35f40000)
    ro space 10240K,  41% used [0x37780000, 0x37bb1a78, 0x37bb1c00, 0x38180000)
    rw space 12288K,  52% used [0x38180000, 0x387c62c0, 0x387c6400, 0x38d80000)
Event: 1225.359 GC heap after
Heap after GC invocations=124 (full 28):
 def new generation   total 157248K, used 0K [0x13780000, 0x1e220000, 0x1e220000)
  eden space 139776K,   0% used [0x13780000, 0x13780000, 0x1c000000)
  from space 17472K,   0% used [0x1c000000, 0x1c000000, 0x1d110000)
  to   space 17472K,   0% used [0x1d110000, 0x1d110000, 0x1e220000)
 tenured generation   total 349568K, used 340574K [0x1e220000, 0x33780000, 0x33780000)
   the space 349568K,  97% used [0x1e220000, 0x32eb7b40, 0x32eb7c00, 0x33780000)
 compacting perm gen  total 40704K, used 40503K [0x33780000, 0x35f40000, 0x37780000)
   the space 40704K,  99% used [0x33780000, 0x35f0deb8, 0x35f0e000, 0x35f40000)
    ro space 10240K,  41% used [0x37780000, 0x37bb1a78, 0x37bb1c00, 0x38180000)
    rw space 12288K,  52% used [0x38180000, 0x387c62c0, 0x387c6400, 0x38d80000)
}
Event: 1227.050 GC heap before
{Heap before GC invocations=124 (full 28):
 def new generation   total 157248K, used 139776K [0x13780000, 0x1e220000, 0x1e220000)
  eden space 139776K, 100% used [0x13780000, 0x1c000000, 0x1c000000)
  from space 17472K,   0% used [0x1c000000, 0x1c000000, 0x1d110000)
  to   space 17472K,   0% used [0x1d110000, 0x1d110000, 0x1e220000)
 tenured generation   total 349568K, used 340574K [0x1e220000, 0x33780000, 0x33780000)
   the space 349568K,  97% used [0x1e220000, 0x32eb7b40, 0x32eb7c00, 0x33780000)
 compacting perm gen  total 43520K, used 43317K [0x33780000, 0x36200000, 0x37780000)
   the space 43520K,  99% used [0x33780000, 0x361cd668, 0x361cd800, 0x36200000)
    ro space 10240K,  41% used [0x37780000, 0x37bb1a78, 0x37bb1c00, 0x38180000)
    rw space 12288K,  52% used [0x38180000, 0x387c62c0, 0x387c6400, 0x38d80000)

