# JRE version: Java(TM) SE Runtime Environment (7.0_45-b18) (build 1.7.0_45-b18)
# Java VM: Java HotSpot(TM) Client VM (24.45-b08 mixed mode, sharing windows-x86 )
Heap
 def new generation   total 157248K, used 157247K [0x13780000, 0x1e220000, 0x1e220000)
  eden space 139776K, 100% used [0x13780000, 0x1c000000, 0x1c000000)
  from space 17472K,  99% used [0x1c000000, 0x1d10fff8, 0x1d110000)
  to   space 17472K,  99% used [0x1d110000, 0x1e21fff8, 0x1e220000)
 tenured generation   total 349568K, used 349568K [0x1e220000, 0x33780000, 0x33780000)
   the space 349568K, 100% used [0x1e220000, 0x33780000, 0x33780000, 0x33780000)
 compacting perm gen  total 33024K, used 32869K [0x33780000, 0x357c0000, 0x37780000)
   the space 33024K,  99% used [0x33780000, 0x357995b0, 0x35799600, 0x357c0000)
    ro space 10240K,  41% used [0x37780000, 0x37bb1a78, 0x37bb1c00, 0x38180000)
    rw space 12288K,  52% used [0x38180000, 0x387c62c0, 0x387c6400, 0x38d80000)
GC Heap History (10 events):
Event: 1248.530 GC heap after
Heap after GC invocations=66 (full 10):
 def new generation   total 157248K, used 13473K [0x13780000, 0x1e220000, 0x1e220000)
  eden space 139776K,   0% used [0x13780000, 0x13780000, 0x1c000000)
  from space 17472K,  77% used [0x1c000000, 0x1cd287e0, 0x1d110000)
  to   space 17472K,   0% used [0x1d110000, 0x1d110000, 0x1e220000)
 tenured generation   total 349568K, used 260554K [0x1e220000, 0x33780000, 0x33780000)
   the space 349568K,  74% used [0x1e220000, 0x2e092828, 0x2e092a00, 0x33780000)
 compacting perm gen  total 32512K, used 32356K [0x33780000, 0x35740000, 0x37780000)
   the space 32512K,  99% used [0x33780000, 0x35719130, 0x35719200, 0x35740000)
    ro space 10240K,  41% used [0x37780000, 0x37bb1a78, 0x37bb1c00, 0x38180000)
    rw space 12288K,  52% used [0x38180000, 0x387c62c0, 0x387c6400, 0x38d80000)
}
Event: 1254.051 GC heap before
{Heap before GC invocations=66 (full 10):
 def new generation   total 157248K, used 67098K [0x13780000, 0x1e220000, 0x1e220000)
  eden space 139776K,  38% used [0x13780000, 0x16bde100, 0x1c000000)
  from space 17472K,  77% used [0x1c000000, 0x1cd287e0, 0x1d110000)
  to   space 17472K,   0% used [0x1d110000, 0x1d110000, 0x1e220000)
 tenured generation   total 349568K, used 260554K [0x1e220000, 0x33780000, 0x33780000)
   the space 349568K,  74% used [0x1e220000, 0x2e092828, 0x2e092a00, 0x33780000)
 compacting perm gen  total 32768K, used 32767K [0x33780000, 0x35780000, 0x37780000)
   the space 32768K,  99% used [0x33780000, 0x3577ffb8, 0x35780000, 0x35780000)
    ro space 10240K,  41% used [0x37780000, 0x37bb1a78, 0x37bb1c00, 0x38180000)
    rw space 12288K,  52% used [0x38180000, 0x387c62c0, 0x387c6400, 0x38d80000)
Event: 1255.173 GC heap after
Heap after GC invocations=67 (full 11):
 def new generation   total 157248K, used 0K [0x13780000, 0x1e220000, 0x1e220000)
  eden space 139776K,   0% used [0x13780000, 0x13780000, 0x1c000000)
  from space 17472K,   0% used [0x1c000000, 0x1c000000, 0x1d110000)
  to   space 17472K,   0% used [0x1d110000, 0x1d110000, 0x1e220000)
 tenured generation   total 349568K, used 275917K [0x1e220000, 0x33780000, 0x33780000)
   the space 349568K,  78% used [0x1e220000, 0x2ef93590, 0x2ef93600, 0x33780000)
 compacting perm gen  total 32768K, used 32767K [0x33780000, 0x35780000, 0x37780000)
   the space 32768K,  99% used [0x33780000, 0x3577ffb8, 0x35780000, 0x35780000)
    ro space 10240K,  41% used [0x37780000, 0x37bb1a78, 0x37bb1c00, 0x38180000)
    rw space 12288K,  52% used [0x38180000, 0x387c62c0, 0x387c6400, 0x38d80000)
}
Event: 1647.637 GC heap before
{Heap before GC invocations=67 (full 11):
 def new generation   total 157248K, used 139776K [0x13780000, 0x1e220000, 0x1e220000)
  eden space 139776K, 100% used [0x13780000, 0x1c000000, 0x1c000000)
  from space 17472K,   0% used [0x1c000000, 0x1c000000, 0x1d110000)
  to   space 17472K,   0% used [0x1d110000, 0x1d110000, 0x1e220000)
 tenured generation   total 349568K, used 275917K [0x1e220000, 0x33780000, 0x33780000)
   the space 349568K,  78% used [0x1e220000, 0x2ef93590, 0x2ef93600, 0x33780000)
 compacting perm gen  total 33024K, used 32841K [0x33780000, 0x357c0000, 0x37780000)
   the space 33024K,  99% used [0x33780000, 0x35792600, 0x35792600, 0x357c0000)
    ro space 10240K,  41% used [0x37780000, 0x37bb1a78, 0x37bb1c00, 0x38180000)
    rw space 12288K,  52% used [0x38180000, 0x387c62c0, 0x387c6400, 0x38d80000)
Event: 1647.693 GC heap after
Heap after GC invocations=68 (full 11):
 def new generation   total 157248K, used 2892K [0x13780000, 0x1e220000, 0x1e220000)
  eden space 139776K,   0% used [0x13780000, 0x13780000, 0x1c000000)
  from space 17472K,  16% used [0x1d110000, 0x1d3e31f8, 0x1e220000)
  to   space 17472K,   0% used [0x1c000000, 0x1c000000, 0x1d110000)
 tenured generation   total 349568K, used 275917K [0x1e220000, 0x33780000, 0x33780000)
   the space 349568K,  78% used [0x1e220000, 0x2ef93590, 0x2ef93600, 0x33780000)
 compacting perm gen  total 33024K, used 32841K [0x33780000, 0x357c0000, 0x37780000)
   the space 33024K,  99% used [0x33780000, 0x35792600, 0x35792600, 0x357c0000)
    ro space 10240K,  41% used [0x37780000, 0x37bb1a78, 0x37bb1c00, 0x38180000)
    rw space 12288K,  52% used [0x38180000, 0x387c62c0, 0x387c6400, 0x38d80000)
}
Event: 1880.096 GC heap before
{Heap before GC invocations=68 (full 11):
 def new generation   total 157248K, used 142668K [0x13780000, 0x1e220000, 0x1e220000)
  eden space 139776K, 100% used [0x13780000, 0x1c000000, 0x1c000000)
  from space 17472K,  16% used [0x1d110000, 0x1d3e31f8, 0x1e220000)
  to   space 17472K,   0% used [0x1c000000, 0x1c000000, 0x1d110000)
 tenured generation   total 349568K, used 275917K [0x1e220000, 0x33780000, 0x33780000)
   the space 349568K,  78% used [0x1e220000, 0x2ef93590, 0x2ef93600, 0x33780000)
 compacting perm gen  total 33024K, used 32864K [0x33780000, 0x357c0000, 0x37780000)
   the space 33024K,  99% used [0x33780000, 0x357983e0, 0x35798400, 0x357c0000)
    ro space 10240K,  41% used [0x37780000, 0x37bb1a78, 0x37bb1c00, 0x38180000)
    rw space 12288K,  52% used [0x38180000, 0x387c62c0, 0x387c6400, 0x38d80000)
Event: 1880.281 GC heap after
Heap after GC invocations=69 (full 11):
 def new generation   total 157248K, used 17472K [0x13780000, 0x1e220000, 0x1e220000)
  eden space 139776K,   0% used [0x13780000, 0x13780000, 0x1c000000)
  from space 17472K, 100% used [0x1c000000, 0x1d110000, 0x1d110000)
  to   space 17472K,   0% used [0x1d110000, 0x1d110000, 0x1e220000)
 tenured generation   total 349568K, used 283691K [0x1e220000, 0x33780000, 0x33780000)
   the space 349568K,  81% used [0x1e220000, 0x2f72afe8, 0x2f72b000, 0x33780000)
 compacting perm gen  total 33024K, used 32864K [0x33780000, 0x357c0000, 0x37780000)
   the space 33024K,  99% used [0x33780000, 0x357983e0, 0x35798400, 0x357c0000)
    ro space 10240K,  41% used [0x37780000, 0x37bb1a78, 0x37bb1c00, 0x38180000)
    rw space 12288K,  52% used [0x38180000, 0x387c62c0, 0x387c6400, 0x38d80000)
}
Event: 1881.797 GC heap before
{Heap before GC invocations=69 (full 11):
 def new generation   total 157248K, used 157248K [0x13780000, 0x1e220000, 0x1e220000)
  eden space 139776K, 100% used [0x13780000, 0x1c000000, 0x1c000000)
  from space 17472K, 100% used [0x1c000000, 0x1d110000, 0x1d110000)
  to   space 17472K,   0% used [0x1d110000, 0x1d110000, 0x1e220000)
 tenured generation   total 349568K, used 283691K [0x1e220000, 0x33780000, 0x33780000)
   the space 349568K,  81% used [0x1e220000, 0x2f72afe8, 0x2f72b000, 0x33780000)
 compacting perm gen  total 33024K, used 32867K [0x33780000, 0x357c0000, 0x37780000)
   the space 33024K,  99% used [0x33780000, 0x35798e60, 0x35799000, 0x357c0000)
    ro space 10240K,  41% used [0x37780000, 0x37bb1a78, 0x37bb1c00, 0x38180000)
    rw space 12288K,  52% used [0x38180000, 0x387c62c0, 0x387c6400, 0x38d80000)
Event: 1882.197 GC heap after
Heap after GC invocations=70 (full 11):
 def new generation   total 157248K, used 17471K [0x13780000, 0x1e220000, 0x1e220000)
  eden space 139776K,   0% used [0x13780000, 0x13780000, 0x1c000000)
  from space 17472K,  99% used [0x1d110000, 0x1e21fff8, 0x1e220000)
  to   space 17472K,   0% used [0x1c000000, 0x1c000000, 0x1d110000)
 tenured generation   total 349568K, used 318838K [0x1e220000, 0x33780000, 0x33780000)
   the space 349568K,  91% used [0x1e220000, 0x3197d878, 0x3197da00, 0x33780000)
 compacting perm gen  total 33024K, used 32867K [0x33780000, 0x357c0000, 0x37780000)
   the space 33024K,  99% used [0x33780000, 0x35798e60, 0x35799000, 0x357c0000)
    ro space 10240K,  41% used [0x37780000, 0x37bb1a78, 0x37bb1c00, 0x38180000)
    rw space 12288K,  52% used [0x38180000, 0x387c62c0, 0x387c6400, 0x38d80000)
}
Event: 1883.563 GC heap before
{Heap before GC invocations=70 (full 11):
 def new generation   total 157248K, used 157247K [0x13780000, 0x1e220000, 0x1e220000)
  eden space 139776K, 100% used [0x13780000, 0x1c000000, 0x1c000000)
  from space 17472K,  99% used [0x1d110000, 0x1e21fff8, 0x1e220000)
  to   space 17472K,   0% used [0x1c000000, 0x1c000000, 0x1d110000)
 tenured generation   total 349568K, used 318838K [0x1e220000, 0x33780000, 0x33780000)
   the space 349568K,  91% used [0x1e220000, 0x3197d878, 0x3197da00, 0x33780000)
 compacting perm gen  total 33024K, used 32869K [0x33780000, 0x357c0000, 0x37780000)
   the space 33024K,  99% used [0x33780000, 0x357995b0, 0x35799600, 0x357c0000)
    ro space 10240K,  41% used [0x37780000, 0x37bb1a78, 0x37bb1c00, 0x38180000)
    rw space 12288K,  52% used [0x38180000, 0x387c62c0, 0x387c6400, 0x38d80000)

