# JRE version: Java(TM) SE Runtime Environment (7.0_45-b18) (build 1.7.0_45-b18)
# Java VM: Java HotSpot(TM) Client VM (24.45-b08 mixed mode, sharing windows-x86 )
Heap
 def new generation   total 122688K, used 42103K [0x13780000, 0x1bca0000, 0x1e220000)
  eden space 109056K,  28% used [0x13780000, 0x15561200, 0x1a200000)
  from space 13632K,  84% used [0x1a200000, 0x1ad3ca98, 0x1af50000)
  to   space 13632K,   0% used [0x1af50000, 0x1af50000, 0x1bca0000)
 tenured generation   total 272552K, used 163529K [0x1e220000, 0x2ec4a000, 0x33780000)
   the space 272552K,  59% used [0x1e220000, 0x281d2490, 0x281d2600, 0x2ec4a000)
 compacting perm gen  total 16640K, used 16639K [0x33780000, 0x347c0000, 0x37780000)
   the space 16640K,  99% used [0x33780000, 0x347bff30, 0x347c0000, 0x347c0000)
    ro space 10240K,  41% used [0x37780000, 0x37bb1a78, 0x37bb1c00, 0x38180000)
    rw space 12288K,  52% used [0x38180000, 0x387c62c0, 0x387c6400, 0x38d80000)
GC Heap History (10 events):
Event: 39.077 GC heap after
Heap after GC invocations=42 (full 6):
 def new generation   total 72960K, used 8064K [0x13780000, 0x186a0000, 0x1e220000)
  eden space 64896K,   0% used [0x13780000, 0x13780000, 0x176e0000)
  from space 8064K, 100% used [0x17ec0000, 0x186a0000, 0x186a0000)
  to   space 8064K,   0% used [0x176e0000, 0x176e0000, 0x17ec0000)
 tenured generation   total 161996K, used 151724K [0x1e220000, 0x28053000, 0x33780000)
   the space 161996K,  93% used [0x1e220000, 0x2764b358, 0x2764b400, 0x28053000)
 compacting perm gen  total 12288K, used 11288K [0x33780000, 0x34380000, 0x37780000)
   the space 12288K,  91% used [0x33780000, 0x34286310, 0x34286400, 0x34380000)
    ro space 10240K,  41% used [0x37780000, 0x37bb1a78, 0x37bb1c00, 0x38180000)
    rw space 12288K,  52% used [0x38180000, 0x387c62c0, 0x387c6400, 0x38d80000)
}
Event: 39.458 GC heap before
{Heap before GC invocations=42 (full 6):
 def new generation   total 72960K, used 72714K [0x13780000, 0x186a0000, 0x1e220000)
  eden space 64896K,  99% used [0x13780000, 0x176a2bf8, 0x176e0000)
  from space 8064K, 100% used [0x17ec0000, 0x186a0000, 0x186a0000)
  to   space 8064K,   0% used [0x176e0000, 0x176e0000, 0x17ec0000)
 tenured generation   total 161996K, used 151724K [0x1e220000, 0x28053000, 0x33780000)
   the space 161996K,  93% used [0x1e220000, 0x2764b358, 0x2764b400, 0x28053000)
 compacting perm gen  total 12288K, used 11290K [0x33780000, 0x34380000, 0x37780000)
   the space 12288K,  91% used [0x33780000, 0x34286b60, 0x34286c00, 0x34380000)
    ro space 10240K,  41% used [0x37780000, 0x37bb1a78, 0x37bb1c00, 0x38180000)
    rw space 12288K,  52% used [0x38180000, 0x387c62c0, 0x387c6400, 0x38d80000)
Event: 39.551 GC heap after
Heap after GC invocations=43 (full 6):
 def new generation   total 72960K, used 5911K [0x13780000, 0x186a0000, 0x1e220000)
  eden space 64896K,   0% used [0x13780000, 0x13780000, 0x176e0000)
  from space 8064K,  73% used [0x176e0000, 0x17ca5d10, 0x17ec0000)
  to   space 8064K,   0% used [0x17ec0000, 0x17ec0000, 0x186a0000)
 tenured generation   total 161996K, used 159568K [0x1e220000, 0x28053000, 0x33780000)
   the space 161996K,  98% used [0x1e220000, 0x27df4338, 0x27df4400, 0x28053000)
 compacting perm gen  total 12288K, used 11290K [0x33780000, 0x34380000, 0x37780000)
   the space 12288K,  91% used [0x33780000, 0x34286b60, 0x34286c00, 0x34380000)
    ro space 10240K,  41% used [0x37780000, 0x37bb1a78, 0x37bb1c00, 0x38180000)
    rw space 12288K,  52% used [0x38180000, 0x387c62c0, 0x387c6400, 0x38d80000)
}
Event: 45.470 GC heap before
{Heap before GC invocations=43 (full 6):
 def new generation   total 72960K, used 70807K [0x13780000, 0x186a0000, 0x1e220000)
  eden space 64896K, 100% used [0x13780000, 0x176e0000, 0x176e0000)
  from space 8064K,  73% used [0x176e0000, 0x17ca5d10, 0x17ec0000)
  to   space 8064K,   0% used [0x17ec0000, 0x17ec0000, 0x186a0000)
 tenured generation   total 161996K, used 159568K [0x1e220000, 0x28053000, 0x33780000)
   the space 161996K,  98% used [0x1e220000, 0x27df4338, 0x27df4400, 0x28053000)
 compacting perm gen  total 12544K, used 12299K [0x33780000, 0x343c0000, 0x37780000)
   the space 12544K,  98% used [0x33780000, 0x34382ee0, 0x34383000, 0x343c0000)
    ro space 10240K,  41% used [0x37780000, 0x37bb1a78, 0x37bb1c00, 0x38180000)
    rw space 12288K,  52% used [0x38180000, 0x387c62c0, 0x387c6400, 0x38d80000)
Event: 46.076 GC heap after
Heap after GC invocations=44 (full 7):
 def new generation   total 122688K, used 0K [0x13780000, 0x1bca0000, 0x1e220000)
  eden space 109056K,   0% used [0x13780000, 0x13780000, 0x1a200000)
  from space 13632K,   0% used [0x1a200000, 0x1a200000, 0x1af50000)
  to   space 13632K,   0% used [0x1af50000, 0x1af50000, 0x1bca0000)
 tenured generation   total 272552K, used 163529K [0x1e220000, 0x2ec4a000, 0x33780000)
   the space 272552K,  59% used [0x1e220000, 0x281d2490, 0x281d2600, 0x2ec4a000)
 compacting perm gen  total 12544K, used 12299K [0x33780000, 0x343c0000, 0x37780000)
   the space 12544K,  98% used [0x33780000, 0x34382ee0, 0x34383000, 0x343c0000)
    ro space 10240K,  41% used [0x37780000, 0x37bb1a78, 0x37bb1c00, 0x38180000)
    rw space 12288K,  52% used [0x38180000, 0x387c62c0, 0x387c6400, 0x38d80000)
}
Event: 47.619 GC heap before
{Heap before GC invocations=44 (full 7):
 def new generation   total 122688K, used 109056K [0x13780000, 0x1bca0000, 0x1e220000)
  eden space 109056K, 100% used [0x13780000, 0x1a200000, 0x1a200000)
  from space 13632K,   0% used [0x1a200000, 0x1a200000, 0x1af50000)
  to   space 13632K,   0% used [0x1af50000, 0x1af50000, 0x1bca0000)
 tenured generation   total 272552K, used 163529K [0x1e220000, 0x2ec4a000, 0x33780000)
   the space 272552K,  59% used [0x1e220000, 0x281d2490, 0x281d2600, 0x2ec4a000)
 compacting perm gen  total 15104K, used 15012K [0x33780000, 0x34640000, 0x37780000)
   the space 15104K,  99% used [0x33780000, 0x34629148, 0x34629200, 0x34640000)
    ro space 10240K,  41% used [0x37780000, 0x37bb1a78, 0x37bb1c00, 0x38180000)
    rw space 12288K,  52% used [0x38180000, 0x387c62c0, 0x387c6400, 0x38d80000)
Event: 47.678 GC heap after
Heap after GC invocations=45 (full 7):
 def new generation   total 122688K, used 6125K [0x13780000, 0x1bca0000, 0x1e220000)
  eden space 109056K,   0% used [0x13780000, 0x13780000, 0x1a200000)
  from space 13632K,  44% used [0x1af50000, 0x1b54b7c0, 0x1bca0000)
  to   space 13632K,   0% used [0x1a200000, 0x1a200000, 0x1af50000)
 tenured generation   total 272552K, used 163529K [0x1e220000, 0x2ec4a000, 0x33780000)
   the space 272552K,  59% used [0x1e220000, 0x281d2490, 0x281d2600, 0x2ec4a000)
 compacting perm gen  total 15104K, used 15012K [0x33780000, 0x34640000, 0x37780000)
   the space 15104K,  99% used [0x33780000, 0x34629148, 0x34629200, 0x34640000)
    ro space 10240K,  41% used [0x37780000, 0x37bb1a78, 0x37bb1c00, 0x38180000)
    rw space 12288K,  52% used [0x38180000, 0x387c62c0, 0x387c6400, 0x38d80000)
}
Event: 48.313 GC heap before
{Heap before GC invocations=45 (full 7):
 def new generation   total 122688K, used 115181K [0x13780000, 0x1bca0000, 0x1e220000)
  eden space 109056K, 100% used [0x13780000, 0x1a200000, 0x1a200000)
  from space 13632K,  44% used [0x1af50000, 0x1b54b7c0, 0x1bca0000)
  to   space 13632K,   0% used [0x1a200000, 0x1a200000, 0x1af50000)
 tenured generation   total 272552K, used 163529K [0x1e220000, 0x2ec4a000, 0x33780000)
   the space 272552K,  59% used [0x1e220000, 0x281d2490, 0x281d2600, 0x2ec4a000)
 compacting perm gen  total 16640K, used 16581K [0x33780000, 0x347c0000, 0x37780000)
   the space 16640K,  99% used [0x33780000, 0x347b1538, 0x347b1600, 0x347c0000)
    ro space 10240K,  41% used [0x37780000, 0x37bb1a78, 0x37bb1c00, 0x38180000)
    rw space 12288K,  52% used [0x38180000, 0x387c62c0, 0x387c6400, 0x38d80000)
Event: 48.432 GC heap after
Heap after GC invocations=46 (full 7):
 def new generation   total 122688K, used 11506K [0x13780000, 0x1bca0000, 0x1e220000)
  eden space 109056K,   0% used [0x13780000, 0x13780000, 0x1a200000)
  from space 13632K,  84% used [0x1a200000, 0x1ad3ca98, 0x1af50000)
  to   space 13632K,   0% used [0x1af50000, 0x1af50000, 0x1bca0000)
 tenured generation   total 272552K, used 163529K [0x1e220000, 0x2ec4a000, 0x33780000)
   the space 272552K,  59% used [0x1e220000, 0x281d2490, 0x281d2600, 0x2ec4a000)
 compacting perm gen  total 16640K, used 16581K [0x33780000, 0x347c0000, 0x37780000)
   the space 16640K,  99% used [0x33780000, 0x347b1538, 0x347b1600, 0x347c0000)
    ro space 10240K,  41% used [0x37780000, 0x37bb1a78, 0x37bb1c00, 0x38180000)
    rw space 12288K,  52% used [0x38180000, 0x387c62c0, 0x387c6400, 0x38d80000)
}
Event: 48.558 GC heap before
{Heap before GC invocations=46 (full 7):
 def new generation   total 122688K, used 42103K [0x13780000, 0x1bca0000, 0x1e220000)
  eden space 109056K,  28% used [0x13780000, 0x15561200, 0x1a200000)
  from space 13632K,  84% used [0x1a200000, 0x1ad3ca98, 0x1af50000)
  to   space 13632K,   0% used [0x1af50000, 0x1af50000, 0x1bca0000)
 tenured generation   total 272552K, used 163529K [0x1e220000, 0x2ec4a000, 0x33780000)
   the space 272552K,  59% used [0x1e220000, 0x281d2490, 0x281d2600, 0x2ec4a000)
 compacting perm gen  total 16640K, used 16639K [0x33780000, 0x347c0000, 0x37780000)
   the space 16640K,  99% used [0x33780000, 0x347bff30, 0x347c0000, 0x347c0000)
    ro space 10240K,  41% used [0x37780000, 0x37bb1a78, 0x37bb1c00, 0x38180000)
    rw space 12288K,  52% used [0x38180000, 0x387c62c0, 0x387c6400, 0x38d80000)

